{"ts":1770219117715,"action":"IDE_ACTIVATED"}
{"ts":1770219124504,"action":"IDE_DEACTIVATED"}
{"ts":1770219124504,"action":"IDE_ACTIVATED"}
{"ts":1770219124901,"action":"FILE_OPENED","file":"/main.py","tags":{"FILE_LINE_OF_CODE":"17"}}
{"ts":1770219129102,"action":"IDE_DEACTIVATED"}
{"ts":1770219129119,"action":"IDE_ACTIVATED"}
{"ts":1770219133140,"action":"IDE_DEACTIVATED"}
{"ts":1770219133141,"action":"IDE_ACTIVATED"}
{"ts":1770219166995,"action":"PROJECT_CLOSED","tags":{"PROJECT_NAME":"PythonProject"}}
{"ts":1770219189446,"action":"FILE_OPENED","file":"/main.py","tags":{"FILE_LINE_OF_CODE":"0"}}
{"ts":1770219189781,"action":"PROJECT_OPENED","tags":{"PROJECT_NAME":"PythonProject"}}
{"ts":1770219196971,"action":"IDE_ACTIVATED"}
{"ts":1770219197369,"action":"FILE_CLOSED","file":"/main.py","tags":{"FILE_LINE_OF_CODE":"0"}}
{"ts":1770219197369,"action":"FILE_OPENED","file":"/src/generator.py","tags":{"FILE_LINE_OF_CODE":"0"}}
{"ts":1770219199727,"action":"FILE_CLOSED","file":"/src/generator.py","tags":{"FILE_LINE_OF_CODE":"0"}}
{"ts":1770219199727,"action":"FILE_OPENED","file":"/src/events.py","tags":{"FILE_LINE_OF_CODE":"0"}}
{"ts":1770219202189,"action":"FILE_CLOSED","file":"/src/events.py","tags":{"FILE_LINE_OF_CODE":"0"}}
{"ts":1770219202189,"action":"FILE_OPENED","file":"/src/analysis.py","tags":{"FILE_LINE_OF_CODE":"0"}}
{"ts":1770219207465,"action":"FILE_CLOSED","file":"/src/analysis.py","tags":{"FILE_LINE_OF_CODE":"0"}}
{"ts":1770219207465,"action":"FILE_OPENED","file":"/src/particles.py","tags":{"FILE_LINE_OF_CODE":"17"}}
{"ts":1770219222291,"action":"FILE_CLOSED","file":"/src/particles.py","tags":{"FILE_LINE_OF_CODE":"17"}}
{"ts":1770219222291,"action":"FILE_OPENED","file":"/src/analysis.py","tags":{"FILE_LINE_OF_CODE":"0"}}
{"ts":1770219222972,"action":"FILE_CLOSED","file":"/src/analysis.py","tags":{"FILE_LINE_OF_CODE":"0"}}
{"ts":1770219222972,"action":"FILE_OPENED","file":"/src/events.py","tags":{"FILE_LINE_OF_CODE":"0"}}
{"ts":1770219223529,"action":"FILE_CLOSED","file":"/src/events.py","tags":{"FILE_LINE_OF_CODE":"0"}}
{"ts":1770219223529,"action":"FILE_OPENED","file":"/src/generator.py","tags":{"FILE_LINE_OF_CODE":"0"}}
{"ts":1770219224093,"action":"FILE_CLOSED","file":"/src/generator.py","tags":{"FILE_LINE_OF_CODE":"0"}}
{"ts":1770219224093,"action":"FILE_OPENED","file":"/main.py","tags":{"FILE_LINE_OF_CODE":"0"}}
{"ts":1770219224699,"action":"FILE_CLOSED","file":"/main.py","tags":{"FILE_LINE_OF_CODE":"0"}}
{"ts":1770219229426,"action":"IDE_DEACTIVATED"}
{"ts":1770219229430,"action":"IDE_ACTIVATED"}
{"ts":1770219243539,"action":"IDE_DEACTIVATED"}
{"ts":1770219243539,"action":"IDE_ACTIVATED"}
{"ts":1770219246096,"action":"IDE_DEACTIVATED"}
{"ts":1770219246097,"action":"IDE_ACTIVATED"}
{"ts":1770219249948,"action":"IDE_DEACTIVATED"}
{"ts":1770219258480,"action":"IDE_ACTIVATED"}
{"ts":1770219261013,"action":"FILE_OPENED","file":"/Trial.py","tags":{"FILE_LINE_OF_CODE":"2"}}
{"ts":1770219262893,"action":"FILE_CLOSED","file":"/Trial.py","tags":{"FILE_LINE_OF_CODE":"2"}}
{"ts":1770219269035,"action":"IDE_DEACTIVATED"}
{"ts":1770219313364,"action":"IDE_ACTIVATED"}
{"ts":1770219316964,"action":"FILE_OPENED","file":"/src/__init__.py","tags":{"FILE_LINE_OF_CODE":"0"}}
{"ts":1770219318506,"action":"FILE_CLOSED","file":"/src/__init__.py","tags":{"FILE_LINE_OF_CODE":"0"}}
{"ts":1770219334534,"action":"FILE_OPENED","file":"/src/Simulation.py","tags":{"FILE_LINE_OF_CODE":"0"}}
{"ts":1770219336465,"action":"IDE_DEACTIVATED"}
{"ts":1770219336466,"action":"IDE_ACTIVATED"}
{"ts":1770219400006,"action":"IDE_DEACTIVATED"}
{"ts":1770219416121,"action":"IDE_ACTIVATED"}
{"ts":1770219443247,"action":"IDE_DEACTIVATED"}
{"ts":1770219450200,"action":"IDE_ACTIVATED"}
{"ts":1770219656780,"action":"IDE_DEACTIVATED"}
{"ts":1770219656795,"action":"IDE_ACTIVATED"}
{"ts":1770219664667,"action":"IDE_DEACTIVATED"}
{"ts":1770219664668,"action":"IDE_ACTIVATED"}
{"ts":1770219688226,"action":"IDE_DEACTIVATED"}
{"ts":1770219688244,"action":"IDE_ACTIVATED"}
{"ts":1770220108795,"action":"IDE_DEACTIVATED"}
{"ts":1770220136405,"action":"IDE_ACTIVATED"}
{"ts":1770220167327,"action":"IDE_DEACTIVATED"}
{"ts":1770220167337,"action":"IDE_ACTIVATED"}
{"ts":1770220171344,"action":"IDE_DEACTIVATED"}
{"ts":1770220171344,"action":"IDE_ACTIVATED"}
{"ts":1770220207889,"action":"IDE_DEACTIVATED"}
{"ts":1770220216973,"action":"IDE_ACTIVATED"}
{"ts":1770220224459,"action":"IDE_DEACTIVATED"}
{"ts":1770220860282,"action":"IDE_ACTIVATED"}
{"ts":1770221031901,"action":"IDE_DEACTIVATED"}
{"ts":1770221292017,"action":"IDE_ACTIVATED"}
{"ts":1770222137702,"action":"IDE_DEACTIVATED"}
{"ts":1770222137703,"action":"IDE_ACTIVATED"}
{"ts":1770222142552,"action":"IDE_DEACTIVATED"}
{"ts":1770222281894,"action":"IDE_ACTIVATED"}
{"ts":1770222388471,"action":"PROJECT_CLOSED","tags":{"PROJECT_NAME":"PythonProject"}}
{"ts":1770307228969,"action":"FILE_OPENED","file":"/src/Simulation.py","tags":{"FILE_LINE_OF_CODE":"149"}}
{"ts":1770307229095,"action":"PROJECT_OPENED","tags":{"PROJECT_NAME":"PythonProject"}}
{"ts":1770307229944,"action":"IDE_ACTIVATED"}
{"ts":1770307243342,"action":"IDE_DEACTIVATED"}
{"ts":1770307254249,"action":"IDE_ACTIVATED"}
{"ts":1770307265094,"action":"IDE_DEACTIVATED"}
{"ts":1770307265139,"action":"IDE_ACTIVATED"}
{"ts":1770307265553,"action":"FILE_CLOSED","file":"/src/Simulation.py","tags":{"FILE_LINE_OF_CODE":"149"}}
{"ts":1770307265553,"action":"FILE_OPENED","file":"/week2_exercises.ipynb","tags":{"FILE_LINE_OF_CODE":"1136"}}
{"ts":1770307267638,"action":"IDE_DEACTIVATED"}
{"ts":1770307267639,"action":"IDE_ACTIVATED"}
{"ts":1770307554441,"action":"IDE_DEACTIVATED"}
{"ts":1770307557915,"action":"IDE_ACTIVATED"}
{"ts":1770308823850,"action":"IDE_DEACTIVATED"}
{"ts":1770308949344,"action":"IDE_ACTIVATED"}
{"ts":1770308956766,"action":"IDE_DEACTIVATED"}
{"ts":1770308969534,"action":"IDE_ACTIVATED"}
{"ts":1770308973479,"action":"IDE_DEACTIVATED"}
{"ts":1770309009760,"action":"IDE_ACTIVATED"}
{"ts":1770309011074,"action":"IDE_DEACTIVATED"}
{"ts":1770309016437,"action":"IDE_ACTIVATED"}
{"ts":1770309018315,"action":"IDE_DEACTIVATED"}
{"ts":1770309018412,"action":"IDE_ACTIVATED"}
{"ts":1770309123080,"action":"IDE_DEACTIVATED"}
{"ts":1770309169516,"action":"IDE_ACTIVATED"}
{"ts":1770309299455,"action":"IDE_DEACTIVATED"}
{"ts":1770309305175,"action":"IDE_ACTIVATED"}
{"ts":1770309312297,"action":"IDE_DEACTIVATED"}
{"ts":1770309373374,"action":"IDE_ACTIVATED"}
{"ts":1770309388076,"action":"IDE_DEACTIVATED"}
{"ts":1770309397296,"action":"IDE_ACTIVATED"}
{"ts":1770309399440,"action":"IDE_DEACTIVATED"}
{"ts":1770309402968,"action":"IDE_ACTIVATED"}
{"ts":1770309412023,"action":"IDE_DEACTIVATED"}
{"ts":1770309412611,"action":"IDE_ACTIVATED"}
{"ts":1770309413802,"action":"IDE_DEACTIVATED"}
{"ts":1770309517984,"action":"IDE_ACTIVATED"}
{"ts":1770309521674,"action":"IDE_DEACTIVATED"}
{"ts":1770309714763,"action":"IDE_ACTIVATED"}
{"ts":1770309772407,"action":"IDE_DEACTIVATED"}
{"ts":1770309887340,"action":"IDE_ACTIVATED"}
{"ts":1770309906123,"action":"IDE_DEACTIVATED"}
{"ts":1770309915114,"action":"IDE_ACTIVATED"}
{"ts":1770309920870,"action":"IDE_DEACTIVATED"}
{"ts":1770310002374,"action":"IDE_ACTIVATED"}
{"ts":1770310042654,"action":"IDE_DEACTIVATED"}
{"ts":1770310082133,"action":"IDE_ACTIVATED"}
{"ts":1770310089898,"action":"IDE_DEACTIVATED"}
{"ts":1770310210812,"action":"IDE_ACTIVATED"}
{"ts":1770310213143,"action":"IDE_DEACTIVATED"}
{"ts":1770310242802,"action":"IDE_ACTIVATED"}
{"ts":1770310253493,"action":"IDE_DEACTIVATED"}
{"ts":1770310282235,"action":"IDE_ACTIVATED"}
{"ts":1770310371202,"action":"IDE_DEACTIVATED"}
{"ts":1770310374025,"action":"IDE_ACTIVATED"}
{"ts":1770310416262,"action":"IDE_DEACTIVATED"}
{"ts":1770310420822,"action":"IDE_ACTIVATED"}
{"ts":1770310566591,"action":"IDE_DEACTIVATED"}
{"ts":1770310570358,"action":"IDE_ACTIVATED"}
{"ts":1770310577339,"action":"IDE_DEACTIVATED"}
{"ts":1770310584300,"action":"IDE_ACTIVATED"}
{"ts":1770310586459,"action":"IDE_DEACTIVATED"}
{"ts":1770310606133,"action":"IDE_ACTIVATED"}
{"ts":1770310608648,"action":"IDE_DEACTIVATED"}
{"ts":1770310715740,"action":"IDE_ACTIVATED"}
{"ts":1770310791738,"action":"PROJECT_CLOSED","tags":{"PROJECT_NAME":"PythonProject"}}
{"ts":1772055520538,"action":"FILE_OPENED","file":"/week2_exercises.ipynb","tags":{"FILE_LINE_OF_CODE":"1167"}}
{"ts":1772055520722,"action":"PROJECT_OPENED","tags":{"PROJECT_NAME":"PythonProject"}}
{"ts":1772055522140,"action":"FILE_CLOSED","file":"/week2_exercises.ipynb","tags":{"FILE_LINE_OF_CODE":"1167"}}
{"ts":1772055522141,"action":"FILE_OPENED","file":"/src/Simulation.py","tags":{"FILE_LINE_OF_CODE":"149"}}
{"ts":1772055522900,"action":"FILE_CLOSED","file":"/src/Simulation.py","tags":{"FILE_LINE_OF_CODE":"149"}}
{"ts":1772055569950,"action":"IDE_DEACTIVATED"}
{"ts":1772055569950,"action":"IDE_ACTIVATED"}
{"ts":1772055729851,"action":"IDE_DEACTIVATED"}
{"ts":1772055733485,"action":"IDE_ACTIVATED"}
{"ts":1772055749231,"action":"IDE_DEACTIVATED"}
{"ts":1772055772266,"action":"IDE_ACTIVATED"}
{"ts":1772055772287,"action":"IDE_DEACTIVATED"}
{"ts":1772055791286,"action":"IDE_ACTIVATED"}
{"ts":1772055805337,"action":"FILE_OPENED","file":"/src/analysis.py","tags":{"FILE_LINE_OF_CODE":"0"}}
{"ts":1772055807463,"action":"FILE_CLOSED","file":"/src/analysis.py","tags":{"FILE_LINE_OF_CODE":"0"}}
{"ts":1772055807463,"action":"FILE_OPENED","file":"/src/Analysis.py","tags":{"FILE_LINE_OF_CODE":"157"}}
{"ts":1772055810502,"action":"FILE_CLOSED","file":"/src/Analysis.py","tags":{"FILE_LINE_OF_CODE":"157"}}
{"ts":1772055810502,"action":"FILE_OPENED","file":"/src/Main.py","tags":{"FILE_LINE_OF_CODE":"16"}}
{"ts":1772055848340,"action":"IDE_DEACTIVATED"}
{"ts":1772055848346,"action":"IDE_ACTIVATED"}
{"ts":1772055886303,"action":"IDE_DEACTIVATED"}
{"ts":1772055886305,"action":"IDE_ACTIVATED"}
{"ts":1772055902341,"action":"IDE_DEACTIVATED"}
{"ts":1772055902348,"action":"IDE_ACTIVATED"}
{"ts":1772055904967,"action":"IDE_DEACTIVATED"}
{"ts":1772055904968,"action":"IDE_ACTIVATED"}
{"ts":1772055912713,"action":"IDE_DEACTIVATED"}
{"ts":1772056034560,"action":"IDE_ACTIVATED"}
{"ts":1772056382617,"action":"FILE_CLOSED","file":"/src/Main.py","tags":{"FILE_LINE_OF_CODE":"16"}}
{"ts":1772056382617,"action":"FILE_OPENED","file":"/src/Track.py","tags":{"FILE_LINE_OF_CODE":"101"}}
{"ts":1772056454978,"action":"FILE_CLOSED","file":"/src/Track.py","tags":{"FILE_LINE_OF_CODE":"101"}}
{"ts":1772056454978,"action":"FILE_OPENED","file":"/src/Main.py","tags":{"FILE_LINE_OF_CODE":"16"}}
{"ts":1772056463866,"action":"IDE_DEACTIVATED"}
{"ts":1772056483701,"action":"IDE_ACTIVATED"}
{"ts":1772056524478,"action":"IDE_DEACTIVATED"}
{"ts":1772056537318,"action":"IDE_ACTIVATED"}
{"ts":1772056666577,"action":"FILE_CLOSED","file":"/src/Main.py","tags":{"FILE_LINE_OF_CODE":"16"}}
{"ts":1772056666577,"action":"FILE_OPENED","file":"/src/Track.py","tags":{"FILE_LINE_OF_CODE":"149"}}
{"ts":1772056678009,"action":"IDE_DEACTIVATED"}
{"ts":1772056709178,"action":"IDE_ACTIVATED"}
{"ts":1772056722429,"action":"FILE_CLOSED","file":"/src/Track.py","tags":{"FILE_LINE_OF_CODE":"149"}}
{"ts":1772056722429,"action":"FILE_OPENED","file":"/src/Main.py","tags":{"FILE_LINE_OF_CODE":"30"}}
{"ts":1772056740627,"action":"FILE_CLOSED","file":"/src/Main.py","tags":{"FILE_LINE_OF_CODE":"30"}}
{"ts":1772056740627,"action":"FILE_OPENED","file":"/comparison_report.txt","tags":{"FILE_LINE_OF_CODE":"6023"}}
{"ts":1772056760349,"action":"FILE_CLOSED","file":"/comparison_report.txt","tags":{"FILE_LINE_OF_CODE":"6023"}}
{"ts":1772056760349,"action":"FILE_OPENED","file":"/outputs/OurOutput.txt","tags":{"FILE_LINE_OF_CODE":"6001"}}
{"ts":1772056792593,"action":"IDE_DEACTIVATED"}
{"ts":1772056808275,"action":"IDE_ACTIVATED"}
{"ts":1772056808395,"action":"IDE_DEACTIVATED"}
{"ts":1772056811285,"action":"IDE_ACTIVATED"}
{"ts":1772056972354,"action":"IDE_DEACTIVATED"}
{"ts":1772056991204,"action":"IDE_ACTIVATED"}
{"ts":1772056991300,"action":"IDE_DEACTIVATED"}
{"ts":1772057016711,"action":"IDE_ACTIVATED"}
{"ts":1772057016748,"action":"IDE_DEACTIVATED"}
{"ts":1772057023074,"action":"IDE_ACTIVATED"}
{"ts":1772057023160,"action":"IDE_DEACTIVATED"}
{"ts":1772057024641,"action":"IDE_ACTIVATED"}
{"ts":1772057156972,"action":"IDE_DEACTIVATED"}
{"ts":1772057178878,"action":"IDE_ACTIVATED"}
{"ts":1772057178931,"action":"IDE_DEACTIVATED"}
{"ts":1772057200919,"action":"IDE_ACTIVATED"}
{"ts":1772057200954,"action":"IDE_DEACTIVATED"}
{"ts":1772057209193,"action":"IDE_ACTIVATED"}
{"ts":1772057209310,"action":"IDE_DEACTIVATED"}
{"ts":1772057210356,"action":"IDE_ACTIVATED"}
{"ts":1772057348085,"action":"IDE_DEACTIVATED"}
{"ts":1772057350652,"action":"IDE_ACTIVATED"}
{"ts":1772057350706,"action":"IDE_DEACTIVATED"}
{"ts":1772057368028,"action":"IDE_ACTIVATED"}
{"ts":1772057368069,"action":"IDE_DEACTIVATED"}
{"ts":1772057395938,"action":"IDE_ACTIVATED"}
{"ts":1772057396046,"action":"IDE_DEACTIVATED"}
{"ts":1772057401514,"action":"IDE_ACTIVATED"}
{"ts":1772057501260,"action":"FILE_CLOSED","file":"/outputs/OurOutput.txt","tags":{"FILE_LINE_OF_CODE":"6001"}}
{"ts":1772057501260,"action":"FILE_OPENED","file":"/src/Main.py","tags":{"FILE_LINE_OF_CODE":"45"}}
{"ts":1772057589942,"action":"FILE_CLOSED","file":"/src/Main.py","tags":{"FILE_LINE_OF_CODE":"45"}}
{"ts":1772057589942,"action":"FILE_OPENED","file":"/final_animation_check.log","tags":{"FILE_LINE_OF_CODE":"6027"}}
{"ts":1772057591992,"action":"FILE_CLOSED","file":"/final_animation_check.log","tags":{"FILE_LINE_OF_CODE":"6027"}}
{"ts":1772057591992,"action":"FILE_OPENED","file":"/final_run.log","tags":{"FILE_LINE_OF_CODE":"6025"}}
{"ts":1772057592868,"action":"FILE_CLOSED","file":"/final_run.log","tags":{"FILE_LINE_OF_CODE":"6025"}}
{"ts":1772057592868,"action":"FILE_OPENED","file":"/final_test.log","tags":{"FILE_LINE_OF_CODE":"6027"}}
{"ts":1772057593975,"action":"FILE_CLOSED","file":"/final_test.log","tags":{"FILE_LINE_OF_CODE":"6027"}}
{"ts":1772057593975,"action":"FILE_OPENED","file":"/animation_test.log","tags":{"FILE_LINE_OF_CODE":"6027"}}
{"ts":1772057597810,"action":"FILE_CLOSED","file":"/animation_test.log","tags":{"FILE_LINE_OF_CODE":"6027"}}
{"ts":1772057597810,"action":"FILE_OPENED","file":"/src/Main.py","tags":{"FILE_LINE_OF_CODE":"45"}}
{"ts":1772057767532,"action":"IDE_DEACTIVATED"}
{"ts":1772057767575,"action":"IDE_ACTIVATED"}
{"ts":1772057852015,"action":"IDE_DEACTIVATED"}
{"ts":1772057854227,"action":"IDE_ACTIVATED"}
{"ts":1772057863710,"action":"IDE_DEACTIVATED"}
{"ts":1772057865299,"action":"IDE_ACTIVATED"}
{"ts":1772057868586,"action":"IDE_DEACTIVATED"}
{"ts":1772057874205,"action":"IDE_ACTIVATED"}
{"ts":1772057874319,"action":"IDE_DEACTIVATED"}
{"ts":1772057875487,"action":"IDE_ACTIVATED"}
{"ts":1772057875590,"action":"IDE_DEACTIVATED"}
{"ts":1772057877083,"action":"IDE_ACTIVATED"}
{"ts":1772057889041,"action":"FILE_CLOSED","file":"/src/Main.py","tags":{"FILE_LINE_OF_CODE":"59"}}
{"ts":1772057903308,"action":"FILE_OPENED","file":"/src/Main.py","tags":{"FILE_LINE_OF_CODE":"59"}}
{"ts":1772057904112,"action":"FILE_CLOSED","file":"/src/Main.py","tags":{"FILE_LINE_OF_CODE":"59"}}
{"ts":1772057913896,"action":"FILE_OPENED","file":"/src/Main.py","tags":{"FILE_LINE_OF_CODE":"59"}}
{"ts":1772057915287,"action":"FILE_CLOSED","file":"/src/Main.py","tags":{"FILE_LINE_OF_CODE":"59"}}
{"ts":1772057919631,"action":"IDE_DEACTIVATED"}
{"ts":1772057982108,"action":"IDE_ACTIVATED"}
{"ts":1772057984617,"action":"FILE_OPENED","file":"/src/Main.py","tags":{"FILE_LINE_OF_CODE":"59"}}
{"ts":1772057999539,"action":"FILE_CLOSED","file":"/src/Main.py","tags":{"FILE_LINE_OF_CODE":"59"}}
{"ts":1772057999539,"action":"FILE_OPENED","file":"/src/Analysis.py","tags":{"FILE_LINE_OF_CODE":"168"}}
{"ts":1772058005614,"action":"FILE_CLOSED","file":"/src/Analysis.py","tags":{"FILE_LINE_OF_CODE":"168"}}
{"ts":1772058005614,"action":"FILE_OPENED","file":"/outputs/OurOutput.txt","tags":{"FILE_LINE_OF_CODE":"6001"}}
{"ts":1772058007498,"action":"FILE_CLOSED","file":"/outputs/OurOutput.txt","tags":{"FILE_LINE_OF_CODE":"6001"}}
{"ts":1772058007498,"action":"FILE_OPENED","file":"/src/Track.py","tags":{"FILE_LINE_OF_CODE":"305"}}
{"ts":1772058021358,"action":"FILE_CLOSED","file":"/src/Track.py","tags":{"FILE_LINE_OF_CODE":"305"}}
{"ts":1772058021358,"action":"FILE_OPENED","file":"/src/Main.py","tags":{"FILE_LINE_OF_CODE":"59"}}
{"ts":1772058057884,"action":"IDE_DEACTIVATED"}
{"ts":1772058057885,"action":"IDE_ACTIVATED"}
